13/01/2022 21.20.46 Application start 
13/01/2022 21.20.51 Encryption successful 
13/01/2022 21.21.12 Decryption successful 
13/01/2022 21.21.15 Login attempt 
13/01/2022 21.21.20 Wrong password typed! 
13/01/2022 21.21.22 Login attempt 
13/01/2022 21.21.40 Application terminated 
13/01/2022 21.24.01 Application start 
13/01/2022 21.24.04 Login attempt 
13/01/2022 21.24.09 Application terminated 
13/01/2022 21.25.13 Application start 
13/01/2022 21.25.15 Login attempt 
13/01/2022 21.25.35 Application terminated 
13/01/2022 21.25.48 Application start 
13/01/2022 21.25.49 Login attempt 
01/13/2022 21:26:20 Application start 
01/13/2022 21:26:24 Login attempt 
01/13/2022 21:27:28 Application terminated 
13/01/2022 21.27.44 Application terminated 
01/13/2022 21:28:15 Application start 
01/13/2022 21:28:17 Login attempt 
01/13/2022 21:29:18 Application terminated 
13/01/2022 21.29.28 Application start 
13/01/2022 21.29.29 Login attempt 
13/01/2022 21.29.35 Application terminated 
13/01/2022 21.40.11 Application start 
13/01/2022 21.40.14 Login attempt 
13/01/2022 21.40.21 Application terminated 
14/01/2022 10.28.06 Application start 
14/01/2022 10.28.23 Encryption successful 
14/01/2022 10.33.52 Login attempt 
14/01/2022 10.34.09 Application terminated 
